D:\BACKUP CODE\DESKTOP\WIN32 HGE\WIN32 HGE\DEBUG\WIN32 HGE.PCH
D:\BACKUP CODE\DESKTOP\WIN32 HGE\WIN32 HGE\DEBUG\PRECOMPILED.OBJ
D:\BACKUP CODE\DESKTOP\WIN32 HGE\WIN32 HGE\DEBUG\VC110.PDB
D:\BACKUP CODE\DESKTOP\WIN32 HGE\WIN32 HGE\DEBUG\VC110.DBS.2.IDB
D:\BACKUP CODE\DESKTOP\WIN32 HGE\WIN32 HGE\DEBUG\VC110.DBS.2.PDB
D:\BACKUP CODE\DESKTOP\WIN32 HGE\WIN32 HGE\DEBUG\KEYEVENT.OBJ
D:\BACKUP CODE\DESKTOP\WIN32 HGE\WIN32 HGE\DEBUG\LOADRESOURCEEVENT.OBJ
D:\BACKUP CODE\DESKTOP\WIN32 HGE\WIN32 HGE\DEBUG\VC110.DBS.1.IDB
D:\BACKUP CODE\DESKTOP\WIN32 HGE\WIN32 HGE\DEBUG\VC110.DBS.1.PDB
D:\BACKUP CODE\DESKTOP\WIN32 HGE\WIN32 HGE\DEBUG\IEVENTS.OBJ
D:\BACKUP CODE\DESKTOP\WIN32 HGE\WIN32 HGE\DEBUG\INPUT.OBJ
D:\BACKUP CODE\DESKTOP\WIN32 HGE\WIN32 HGE\DEBUG\INPUTMANAGER.OBJ
D:\BACKUP CODE\DESKTOP\WIN32 HGE\WIN32 HGE\DEBUG\FONTRESOURCE.OBJ
D:\BACKUP CODE\DESKTOP\WIN32 HGE\WIN32 HGE\DEBUG\ENTITY.OBJ
D:\BACKUP CODE\DESKTOP\WIN32 HGE\WIN32 HGE\DEBUG\IEVENT.OBJ
D:\BACKUP CODE\DESKTOP\WIN32 HGE\WIN32 HGE\DEBUG\GAMESTATEMANAGER.OBJ
D:\BACKUP CODE\DESKTOP\WIN32 HGE\WIN32 HGE\DEBUG\HURDLES.OBJ
D:\BACKUP CODE\DESKTOP\WIN32 HGE\WIN32 HGE\DEBUG\GAMERUNNING.OBJ
D:\BACKUP CODE\DESKTOP\WIN32 HGE\WIN32 HGE\DEBUG\GAMEBACKGROUND.OBJ
D:\BACKUP CODE\DESKTOP\WIN32 HGE\WIN32 HGE\DEBUG\GAMEAPPFRAMEWORK.OBJ
D:\BACKUP CODE\DESKTOP\WIN32 HGE\WIN32 HGE\DEBUG\IMAGERESOURCE.OBJ
D:\BACKUP CODE\DESKTOP\WIN32 HGE\WIN32 HGE\DEBUG\IOBJECT.OBJ
D:\BACKUP CODE\DESKTOP\WIN32 HGE\WIN32 HGE\DEBUG\LOADINGSTATE.OBJ
D:\BACKUP CODE\DESKTOP\WIN32 HGE\WIN32 HGE\DEBUG\VC110.DBS.4.IDB
D:\BACKUP CODE\DESKTOP\WIN32 HGE\WIN32 HGE\DEBUG\VC110.DBS.4.PDB
D:\BACKUP CODE\DESKTOP\WIN32 HGE\WIN32 HGE\DEBUG\ROCK.OBJ
D:\BACKUP CODE\DESKTOP\WIN32 HGE\WIN32 HGE\DEBUG\STATECHANGEEVENT.OBJ
D:\BACKUP CODE\DESKTOP\WIN32 HGE\WIN32 HGE\DEBUG\SPRITE.OBJ
D:\BACKUP CODE\DESKTOP\WIN32 HGE\WIN32 HGE\DEBUG\PLAYER.OBJ
D:\BACKUP CODE\DESKTOP\WIN32 HGE\WIN32 HGE\DEBUG\RESOURCETRACKER.OBJ
D:\BACKUP CODE\DESKTOP\WIN32 HGE\WIN32 HGE\DEBUG\MENU.OBJ
D:\BACKUP CODE\DESKTOP\WIN32 HGE\WIN32 HGE\DEBUG\MOUSEEVENT.OBJ
D:\BACKUP CODE\DESKTOP\WIN32 HGE\WIN32 HGE\DEBUG\STATEIDENTIFIER.OBJ
D:\BACKUP CODE\DESKTOP\WIN32 HGE\WIN32 HGE\DEBUG\TANK.OBJ
D:\BACKUP CODE\DESKTOP\WIN32 HGE\WIN32 HGE\DEBUG\WALL.OBJ
D:\BACKUP CODE\DESKTOP\WIN32 HGE\WIN32 HGE\DEBUG\IRESOURCE.OBJ
D:\BACKUP CODE\DESKTOP\WIN32 HGE\WIN32 HGE\DEBUG\COLLISIONDETECTOR.OBJ
D:\BACKUP CODE\DESKTOP\WIN32 HGE\WIN32 HGE\DEBUG\BOMB.OBJ
D:\BACKUP CODE\DESKTOP\WIN32 HGE\WIN32 HGE\DEBUG\ANIMATION.OBJ
D:\BACKUP CODE\DESKTOP\WIN32 HGE\WIN32 HGE\DEBUG\BROADCASTER.OBJ
D:\BACKUP CODE\DESKTOP\WIN32 HGE\WIN32 HGE\DEBUG\WORDMANAGER.OBJ
D:\BACKUP CODE\DESKTOP\WIN32 HGE\WIN32 HGE\DEBUG\BULLET.OBJ
D:\BACKUP CODE\DESKTOP\WIN32 HGE\WIN32 HGE\DEBUG\BIRD.OBJ
D:\BACKUP CODE\DESKTOP\WIN32 HGE\WIN32 HGE\DEBUG\CURSOR.OBJ
D:\BACKUP CODE\DESKTOP\WIN32 HGE\WIN32 HGE\DEBUG\AUDIORESOURCE.OBJ
D:\BACKUP CODE\DESKTOP\WIN32 HGE\WIN32 HGE\DEBUG\MAINFILE.OBJ
D:\BACKUP CODE\DESKTOP\WIN32 HGE\WIN32 HGE\DEBUG\ENEMY.OBJ
D:\BACKUP CODE\DESKTOP\WIN32 HGE\WIN32 HGE\DEBUG\LEVELMANAGER.OBJ
D:\BACKUP CODE\DESKTOP\WIN32 HGE\WIN32 HGE\DEBUG\WIN32 HGE.ILK
D:\BACKUP CODE\DESKTOP\WIN32 HGE\WIN32 HGE\DEBUG\WIN32 HGE.EXE
D:\BACKUP CODE\DESKTOP\WIN32 HGE\WIN32 HGE\DEBUG\WIN32 HGE.PDB
D:\backup code\Desktop\Win32 HGE\Win32 HGE\Debug\Animation.obj
D:\backup code\Desktop\Win32 HGE\Win32 HGE\Debug\AudioManager.obj
D:\backup code\Desktop\Win32 HGE\Win32 HGE\Debug\AudioResource.obj
D:\backup code\Desktop\Win32 HGE\Win32 HGE\Debug\Bird.obj
D:\backup code\Desktop\Win32 HGE\Win32 HGE\Debug\Bomb.obj
D:\backup code\Desktop\Win32 HGE\Win32 HGE\Debug\Broadcaster.obj
D:\backup code\Desktop\Win32 HGE\Win32 HGE\Debug\Bullet.obj
D:\backup code\Desktop\Win32 HGE\Win32 HGE\Debug\CollisionDetector.obj
D:\backup code\Desktop\Win32 HGE\Win32 HGE\Debug\Cursor.obj
D:\backup code\Desktop\Win32 HGE\Win32 HGE\Debug\DisplayManager.obj
D:\backup code\Desktop\Win32 HGE\Win32 HGE\Debug\Enemy.obj
D:\backup code\Desktop\Win32 HGE\Win32 HGE\Debug\Entity.obj
D:\backup code\Desktop\Win32 HGE\Win32 HGE\Debug\FontResource.obj
D:\backup code\Desktop\Win32 HGE\Win32 HGE\Debug\GameAppFramework.obj
D:\backup code\Desktop\Win32 HGE\Win32 HGE\Debug\Gamebackground.obj
D:\backup code\Desktop\Win32 HGE\Win32 HGE\Debug\GameRunning.obj
D:\backup code\Desktop\Win32 HGE\Win32 HGE\Debug\GameStateManager.obj
D:\backup code\Desktop\Win32 HGE\Win32 HGE\Debug\Hurdles.obj
D:\backup code\Desktop\Win32 HGE\Win32 HGE\Debug\IEvent.obj
D:\backup code\Desktop\Win32 HGE\Win32 HGE\Debug\IEvents.obj
D:\backup code\Desktop\Win32 HGE\Win32 HGE\Debug\ImageResource.obj
D:\backup code\Desktop\Win32 HGE\Win32 HGE\Debug\Input.obj
D:\backup code\Desktop\Win32 HGE\Win32 HGE\Debug\InputManager.obj
D:\backup code\Desktop\Win32 HGE\Win32 HGE\Debug\IObject.obj
D:\backup code\Desktop\Win32 HGE\Win32 HGE\Debug\IResource.obj
D:\backup code\Desktop\Win32 HGE\Win32 HGE\Debug\KeyEvent.obj
D:\backup code\Desktop\Win32 HGE\Win32 HGE\Debug\LevelManager.obj
D:\backup code\Desktop\Win32 HGE\Win32 HGE\Debug\LoadingState.obj
D:\backup code\Desktop\Win32 HGE\Win32 HGE\Debug\LoadResourceEvent.obj
D:\backup code\Desktop\Win32 HGE\Win32 HGE\Debug\MainFile.obj
D:\backup code\Desktop\Win32 HGE\Win32 HGE\Debug\Menu.obj
D:\backup code\Desktop\Win32 HGE\Win32 HGE\Debug\MouseEvent.obj
D:\backup code\Desktop\Win32 HGE\Win32 HGE\Debug\Player.obj
D:\backup code\Desktop\Win32 HGE\Win32 HGE\Debug\precompiled.obj
D:\backup code\Desktop\Win32 HGE\Win32 HGE\Debug\ResourceManager.obj
D:\backup code\Desktop\Win32 HGE\Win32 HGE\Debug\ResourceTracker.obj
D:\backup code\Desktop\Win32 HGE\Win32 HGE\Debug\Rock.obj
D:\backup code\Desktop\Win32 HGE\Win32 HGE\Debug\Sprite.obj
D:\backup code\Desktop\Win32 HGE\Win32 HGE\Debug\StateChangeEvent.obj
D:\backup code\Desktop\Win32 HGE\Win32 HGE\Debug\StateIdentifier.obj
D:\backup code\Desktop\Win32 HGE\Win32 HGE\Debug\Tank.obj
D:\backup code\Desktop\Win32 HGE\Win32 HGE\Debug\Wall.obj
D:\backup code\Desktop\Win32 HGE\Win32 HGE\Debug\WordManager.obj
D:\backup code\Desktop\Win32 HGE\Win32 HGE\Debug\Win32 HGE.ilk
D:\backup code\Desktop\Win32 HGE\Win32 HGE\Debug\cl.command.1.tlog
D:\backup code\Desktop\Win32 HGE\Win32 HGE\Debug\CL.read.1.tlog
D:\backup code\Desktop\Win32 HGE\Win32 HGE\Debug\CL.write.1.tlog
D:\backup code\Desktop\Win32 HGE\Win32 HGE\Debug\link-cvtres.read.1.tlog
D:\backup code\Desktop\Win32 HGE\Win32 HGE\Debug\link-cvtres.write.1.tlog
D:\backup code\Desktop\Win32 HGE\Win32 HGE\Debug\link-rc.read.1.tlog
D:\backup code\Desktop\Win32 HGE\Win32 HGE\Debug\link-rc.write.1.tlog
D:\backup code\Desktop\Win32 HGE\Win32 HGE\Debug\link.10072-cvtres.read.1.tlog
D:\backup code\Desktop\Win32 HGE\Win32 HGE\Debug\link.10072-cvtres.write.1.tlog
D:\backup code\Desktop\Win32 HGE\Win32 HGE\Debug\link.10072-rc.read.1.tlog
D:\backup code\Desktop\Win32 HGE\Win32 HGE\Debug\link.10072-rc.write.1.tlog
D:\backup code\Desktop\Win32 HGE\Win32 HGE\Debug\link.10072.read.1.tlog
D:\backup code\Desktop\Win32 HGE\Win32 HGE\Debug\link.10072.write.1.tlog
D:\backup code\Desktop\Win32 HGE\Win32 HGE\Debug\link.10228-cvtres.read.1.tlog
D:\backup code\Desktop\Win32 HGE\Win32 HGE\Debug\link.10228-cvtres.write.1.tlog
D:\backup code\Desktop\Win32 HGE\Win32 HGE\Debug\link.10228-rc.read.1.tlog
D:\backup code\Desktop\Win32 HGE\Win32 HGE\Debug\link.10228-rc.write.1.tlog
D:\backup code\Desktop\Win32 HGE\Win32 HGE\Debug\link.10228.read.1.tlog
D:\backup code\Desktop\Win32 HGE\Win32 HGE\Debug\link.10228.write.1.tlog
D:\backup code\Desktop\Win32 HGE\Win32 HGE\Debug\link.10640-cvtres.read.1.tlog
D:\backup code\Desktop\Win32 HGE\Win32 HGE\Debug\link.10640-cvtres.write.1.tlog
D:\backup code\Desktop\Win32 HGE\Win32 HGE\Debug\link.10640-rc.read.1.tlog
D:\backup code\Desktop\Win32 HGE\Win32 HGE\Debug\link.10640-rc.write.1.tlog
D:\backup code\Desktop\Win32 HGE\Win32 HGE\Debug\link.10640.read.1.tlog
D:\backup code\Desktop\Win32 HGE\Win32 HGE\Debug\link.10640.write.1.tlog
D:\backup code\Desktop\Win32 HGE\Win32 HGE\Debug\link.11064-cvtres.read.1.tlog
D:\backup code\Desktop\Win32 HGE\Win32 HGE\Debug\link.11064-cvtres.write.1.tlog
D:\backup code\Desktop\Win32 HGE\Win32 HGE\Debug\link.11064-rc.read.1.tlog
D:\backup code\Desktop\Win32 HGE\Win32 HGE\Debug\link.11064-rc.write.1.tlog
D:\backup code\Desktop\Win32 HGE\Win32 HGE\Debug\link.11064.read.1.tlog
D:\backup code\Desktop\Win32 HGE\Win32 HGE\Debug\link.11064.write.1.tlog
D:\backup code\Desktop\Win32 HGE\Win32 HGE\Debug\link.11328-cvtres.read.1.tlog
D:\backup code\Desktop\Win32 HGE\Win32 HGE\Debug\link.11328-cvtres.write.1.tlog
D:\backup code\Desktop\Win32 HGE\Win32 HGE\Debug\link.11328-rc.read.1.tlog
D:\backup code\Desktop\Win32 HGE\Win32 HGE\Debug\link.11328-rc.write.1.tlog
D:\backup code\Desktop\Win32 HGE\Win32 HGE\Debug\link.11328.read.1.tlog
D:\backup code\Desktop\Win32 HGE\Win32 HGE\Debug\link.11328.write.1.tlog
D:\backup code\Desktop\Win32 HGE\Win32 HGE\Debug\link.1140-cvtres.read.1.tlog
D:\backup code\Desktop\Win32 HGE\Win32 HGE\Debug\link.1140-cvtres.write.1.tlog
D:\backup code\Desktop\Win32 HGE\Win32 HGE\Debug\link.1140-rc.read.1.tlog
D:\backup code\Desktop\Win32 HGE\Win32 HGE\Debug\link.1140-rc.write.1.tlog
D:\backup code\Desktop\Win32 HGE\Win32 HGE\Debug\link.1140.read.1.tlog
D:\backup code\Desktop\Win32 HGE\Win32 HGE\Debug\link.1140.write.1.tlog
D:\backup code\Desktop\Win32 HGE\Win32 HGE\Debug\link.11680-cvtres.read.1.tlog
D:\backup code\Desktop\Win32 HGE\Win32 HGE\Debug\link.11680-cvtres.write.1.tlog
D:\backup code\Desktop\Win32 HGE\Win32 HGE\Debug\link.11680-rc.read.1.tlog
D:\backup code\Desktop\Win32 HGE\Win32 HGE\Debug\link.11680-rc.write.1.tlog
D:\backup code\Desktop\Win32 HGE\Win32 HGE\Debug\link.11680.read.1.tlog
D:\backup code\Desktop\Win32 HGE\Win32 HGE\Debug\link.11680.write.1.tlog
D:\backup code\Desktop\Win32 HGE\Win32 HGE\Debug\link.1176-cvtres.read.1.tlog
D:\backup code\Desktop\Win32 HGE\Win32 HGE\Debug\link.1176-cvtres.write.1.tlog
D:\backup code\Desktop\Win32 HGE\Win32 HGE\Debug\link.1176-rc.read.1.tlog
D:\backup code\Desktop\Win32 HGE\Win32 HGE\Debug\link.1176-rc.write.1.tlog
D:\backup code\Desktop\Win32 HGE\Win32 HGE\Debug\link.1176.read.1.tlog
D:\backup code\Desktop\Win32 HGE\Win32 HGE\Debug\link.1176.write.1.tlog
D:\backup code\Desktop\Win32 HGE\Win32 HGE\Debug\link.11908-cvtres.read.1.tlog
D:\backup code\Desktop\Win32 HGE\Win32 HGE\Debug\link.11908-cvtres.write.1.tlog
D:\backup code\Desktop\Win32 HGE\Win32 HGE\Debug\link.11908-rc.read.1.tlog
D:\backup code\Desktop\Win32 HGE\Win32 HGE\Debug\link.11908-rc.write.1.tlog
D:\backup code\Desktop\Win32 HGE\Win32 HGE\Debug\link.11908.read.1.tlog
D:\backup code\Desktop\Win32 HGE\Win32 HGE\Debug\link.11908.write.1.tlog
D:\backup code\Desktop\Win32 HGE\Win32 HGE\Debug\link.11948-cvtres.read.1.tlog
D:\backup code\Desktop\Win32 HGE\Win32 HGE\Debug\link.11948-cvtres.write.1.tlog
D:\backup code\Desktop\Win32 HGE\Win32 HGE\Debug\link.11948-rc.read.1.tlog
D:\backup code\Desktop\Win32 HGE\Win32 HGE\Debug\link.11948-rc.write.1.tlog
D:\backup code\Desktop\Win32 HGE\Win32 HGE\Debug\link.11948.read.1.tlog
D:\backup code\Desktop\Win32 HGE\Win32 HGE\Debug\link.11948.write.1.tlog
D:\backup code\Desktop\Win32 HGE\Win32 HGE\Debug\link.11988-cvtres.read.1.tlog
D:\backup code\Desktop\Win32 HGE\Win32 HGE\Debug\link.11988-cvtres.write.1.tlog
D:\backup code\Desktop\Win32 HGE\Win32 HGE\Debug\link.11988-rc.read.1.tlog
D:\backup code\Desktop\Win32 HGE\Win32 HGE\Debug\link.11988-rc.write.1.tlog
D:\backup code\Desktop\Win32 HGE\Win32 HGE\Debug\link.11988.read.1.tlog
D:\backup code\Desktop\Win32 HGE\Win32 HGE\Debug\link.11988.write.1.tlog
D:\backup code\Desktop\Win32 HGE\Win32 HGE\Debug\link.12140-cvtres.read.1.tlog
D:\backup code\Desktop\Win32 HGE\Win32 HGE\Debug\link.12140-cvtres.write.1.tlog
D:\backup code\Desktop\Win32 HGE\Win32 HGE\Debug\link.12140-rc.read.1.tlog
D:\backup code\Desktop\Win32 HGE\Win32 HGE\Debug\link.12140-rc.write.1.tlog
D:\backup code\Desktop\Win32 HGE\Win32 HGE\Debug\link.12140.read.1.tlog
D:\backup code\Desktop\Win32 HGE\Win32 HGE\Debug\link.12140.write.1.tlog
D:\backup code\Desktop\Win32 HGE\Win32 HGE\Debug\link.12416-cvtres.read.1.tlog
D:\backup code\Desktop\Win32 HGE\Win32 HGE\Debug\link.12416-cvtres.write.1.tlog
D:\backup code\Desktop\Win32 HGE\Win32 HGE\Debug\link.12416-rc.read.1.tlog
D:\backup code\Desktop\Win32 HGE\Win32 HGE\Debug\link.12416-rc.write.1.tlog
D:\backup code\Desktop\Win32 HGE\Win32 HGE\Debug\link.12416.read.1.tlog
D:\backup code\Desktop\Win32 HGE\Win32 HGE\Debug\link.12416.write.1.tlog
D:\backup code\Desktop\Win32 HGE\Win32 HGE\Debug\link.12480-cvtres.read.1.tlog
D:\backup code\Desktop\Win32 HGE\Win32 HGE\Debug\link.12480-cvtres.write.1.tlog
D:\backup code\Desktop\Win32 HGE\Win32 HGE\Debug\link.12480-rc.read.1.tlog
D:\backup code\Desktop\Win32 HGE\Win32 HGE\Debug\link.12480-rc.write.1.tlog
D:\backup code\Desktop\Win32 HGE\Win32 HGE\Debug\link.12480.read.1.tlog
D:\backup code\Desktop\Win32 HGE\Win32 HGE\Debug\link.12480.write.1.tlog
D:\backup code\Desktop\Win32 HGE\Win32 HGE\Debug\link.13112-cvtres.read.1.tlog
D:\backup code\Desktop\Win32 HGE\Win32 HGE\Debug\link.13112-cvtres.write.1.tlog
D:\backup code\Desktop\Win32 HGE\Win32 HGE\Debug\link.13112-rc.read.1.tlog
D:\backup code\Desktop\Win32 HGE\Win32 HGE\Debug\link.13112-rc.write.1.tlog
D:\backup code\Desktop\Win32 HGE\Win32 HGE\Debug\link.13112.read.1.tlog
D:\backup code\Desktop\Win32 HGE\Win32 HGE\Debug\link.13112.write.1.tlog
D:\backup code\Desktop\Win32 HGE\Win32 HGE\Debug\link.13248-cvtres.read.1.tlog
D:\backup code\Desktop\Win32 HGE\Win32 HGE\Debug\link.13248-cvtres.write.1.tlog
D:\backup code\Desktop\Win32 HGE\Win32 HGE\Debug\link.13248-rc.read.1.tlog
D:\backup code\Desktop\Win32 HGE\Win32 HGE\Debug\link.13248-rc.write.1.tlog
D:\backup code\Desktop\Win32 HGE\Win32 HGE\Debug\link.13248.read.1.tlog
D:\backup code\Desktop\Win32 HGE\Win32 HGE\Debug\link.13248.write.1.tlog
D:\backup code\Desktop\Win32 HGE\Win32 HGE\Debug\link.1368-cvtres.read.1.tlog
D:\backup code\Desktop\Win32 HGE\Win32 HGE\Debug\link.1368-cvtres.write.1.tlog
D:\backup code\Desktop\Win32 HGE\Win32 HGE\Debug\link.1368-rc.read.1.tlog
D:\backup code\Desktop\Win32 HGE\Win32 HGE\Debug\link.1368-rc.write.1.tlog
D:\backup code\Desktop\Win32 HGE\Win32 HGE\Debug\link.1368.read.1.tlog
D:\backup code\Desktop\Win32 HGE\Win32 HGE\Debug\link.1368.write.1.tlog
D:\backup code\Desktop\Win32 HGE\Win32 HGE\Debug\link.1476-cvtres.read.1.tlog
D:\backup code\Desktop\Win32 HGE\Win32 HGE\Debug\link.1476-cvtres.write.1.tlog
D:\backup code\Desktop\Win32 HGE\Win32 HGE\Debug\link.1476-rc.read.1.tlog
D:\backup code\Desktop\Win32 HGE\Win32 HGE\Debug\link.1476-rc.write.1.tlog
D:\backup code\Desktop\Win32 HGE\Win32 HGE\Debug\link.1476.read.1.tlog
D:\backup code\Desktop\Win32 HGE\Win32 HGE\Debug\link.1476.write.1.tlog
D:\backup code\Desktop\Win32 HGE\Win32 HGE\Debug\link.212-cvtres.read.1.tlog
D:\backup code\Desktop\Win32 HGE\Win32 HGE\Debug\link.212-cvtres.write.1.tlog
D:\backup code\Desktop\Win32 HGE\Win32 HGE\Debug\link.212-rc.read.1.tlog
D:\backup code\Desktop\Win32 HGE\Win32 HGE\Debug\link.212-rc.write.1.tlog
D:\backup code\Desktop\Win32 HGE\Win32 HGE\Debug\link.212.read.1.tlog
D:\backup code\Desktop\Win32 HGE\Win32 HGE\Debug\link.212.write.1.tlog
D:\backup code\Desktop\Win32 HGE\Win32 HGE\Debug\link.2364-cvtres.read.1.tlog
D:\backup code\Desktop\Win32 HGE\Win32 HGE\Debug\link.2364-cvtres.write.1.tlog
D:\backup code\Desktop\Win32 HGE\Win32 HGE\Debug\link.2364-rc.read.1.tlog
D:\backup code\Desktop\Win32 HGE\Win32 HGE\Debug\link.2364-rc.write.1.tlog
D:\backup code\Desktop\Win32 HGE\Win32 HGE\Debug\link.2364.read.1.tlog
D:\backup code\Desktop\Win32 HGE\Win32 HGE\Debug\link.2364.write.1.tlog
D:\backup code\Desktop\Win32 HGE\Win32 HGE\Debug\link.2476-cvtres.read.1.tlog
D:\backup code\Desktop\Win32 HGE\Win32 HGE\Debug\link.2476-cvtres.write.1.tlog
D:\backup code\Desktop\Win32 HGE\Win32 HGE\Debug\link.2476-rc.read.1.tlog
D:\backup code\Desktop\Win32 HGE\Win32 HGE\Debug\link.2476-rc.write.1.tlog
D:\backup code\Desktop\Win32 HGE\Win32 HGE\Debug\link.2476.read.1.tlog
D:\backup code\Desktop\Win32 HGE\Win32 HGE\Debug\link.2476.write.1.tlog
D:\backup code\Desktop\Win32 HGE\Win32 HGE\Debug\link.2648-cvtres.read.1.tlog
D:\backup code\Desktop\Win32 HGE\Win32 HGE\Debug\link.2648-cvtres.write.1.tlog
D:\backup code\Desktop\Win32 HGE\Win32 HGE\Debug\link.2648-rc.read.1.tlog
D:\backup code\Desktop\Win32 HGE\Win32 HGE\Debug\link.2648-rc.write.1.tlog
D:\backup code\Desktop\Win32 HGE\Win32 HGE\Debug\link.2648.read.1.tlog
D:\backup code\Desktop\Win32 HGE\Win32 HGE\Debug\link.2648.write.1.tlog
D:\backup code\Desktop\Win32 HGE\Win32 HGE\Debug\link.276-cvtres.read.1.tlog
D:\backup code\Desktop\Win32 HGE\Win32 HGE\Debug\link.276-cvtres.write.1.tlog
D:\backup code\Desktop\Win32 HGE\Win32 HGE\Debug\link.276-rc.read.1.tlog
D:\backup code\Desktop\Win32 HGE\Win32 HGE\Debug\link.276-rc.write.1.tlog
D:\backup code\Desktop\Win32 HGE\Win32 HGE\Debug\link.276.read.1.tlog
D:\backup code\Desktop\Win32 HGE\Win32 HGE\Debug\link.276.write.1.tlog
D:\backup code\Desktop\Win32 HGE\Win32 HGE\Debug\link.3632-cvtres.read.1.tlog
D:\backup code\Desktop\Win32 HGE\Win32 HGE\Debug\link.3632-cvtres.write.1.tlog
D:\backup code\Desktop\Win32 HGE\Win32 HGE\Debug\link.3632-rc.read.1.tlog
D:\backup code\Desktop\Win32 HGE\Win32 HGE\Debug\link.3632-rc.write.1.tlog
D:\backup code\Desktop\Win32 HGE\Win32 HGE\Debug\link.3632.read.1.tlog
D:\backup code\Desktop\Win32 HGE\Win32 HGE\Debug\link.3632.write.1.tlog
D:\backup code\Desktop\Win32 HGE\Win32 HGE\Debug\link.4076-cvtres.read.1.tlog
D:\backup code\Desktop\Win32 HGE\Win32 HGE\Debug\link.4076-cvtres.write.1.tlog
D:\backup code\Desktop\Win32 HGE\Win32 HGE\Debug\link.4076-rc.read.1.tlog
D:\backup code\Desktop\Win32 HGE\Win32 HGE\Debug\link.4076-rc.write.1.tlog
D:\backup code\Desktop\Win32 HGE\Win32 HGE\Debug\link.4076.read.1.tlog
D:\backup code\Desktop\Win32 HGE\Win32 HGE\Debug\link.4076.write.1.tlog
D:\backup code\Desktop\Win32 HGE\Win32 HGE\Debug\link.4140-cvtres.read.1.tlog
D:\backup code\Desktop\Win32 HGE\Win32 HGE\Debug\link.4140-cvtres.write.1.tlog
D:\backup code\Desktop\Win32 HGE\Win32 HGE\Debug\link.4140-rc.read.1.tlog
D:\backup code\Desktop\Win32 HGE\Win32 HGE\Debug\link.4140-rc.write.1.tlog
D:\backup code\Desktop\Win32 HGE\Win32 HGE\Debug\link.4140.read.1.tlog
D:\backup code\Desktop\Win32 HGE\Win32 HGE\Debug\link.4140.write.1.tlog
D:\backup code\Desktop\Win32 HGE\Win32 HGE\Debug\link.4328-cvtres.read.1.tlog
D:\backup code\Desktop\Win32 HGE\Win32 HGE\Debug\link.4328-cvtres.write.1.tlog
D:\backup code\Desktop\Win32 HGE\Win32 HGE\Debug\link.4328-rc.read.1.tlog
D:\backup code\Desktop\Win32 HGE\Win32 HGE\Debug\link.4328-rc.write.1.tlog
D:\backup code\Desktop\Win32 HGE\Win32 HGE\Debug\link.4328.read.1.tlog
D:\backup code\Desktop\Win32 HGE\Win32 HGE\Debug\link.4328.write.1.tlog
D:\backup code\Desktop\Win32 HGE\Win32 HGE\Debug\link.4612-cvtres.read.1.tlog
D:\backup code\Desktop\Win32 HGE\Win32 HGE\Debug\link.4612-cvtres.write.1.tlog
D:\backup code\Desktop\Win32 HGE\Win32 HGE\Debug\link.4612-rc.read.1.tlog
D:\backup code\Desktop\Win32 HGE\Win32 HGE\Debug\link.4612-rc.write.1.tlog
D:\backup code\Desktop\Win32 HGE\Win32 HGE\Debug\link.4612.read.1.tlog
D:\backup code\Desktop\Win32 HGE\Win32 HGE\Debug\link.4612.write.1.tlog
D:\backup code\Desktop\Win32 HGE\Win32 HGE\Debug\link.4648-cvtres.read.1.tlog
D:\backup code\Desktop\Win32 HGE\Win32 HGE\Debug\link.4648-cvtres.write.1.tlog
D:\backup code\Desktop\Win32 HGE\Win32 HGE\Debug\link.4648-rc.read.1.tlog
D:\backup code\Desktop\Win32 HGE\Win32 HGE\Debug\link.4648-rc.write.1.tlog
D:\backup code\Desktop\Win32 HGE\Win32 HGE\Debug\link.4648.read.1.tlog
D:\backup code\Desktop\Win32 HGE\Win32 HGE\Debug\link.4648.write.1.tlog
D:\backup code\Desktop\Win32 HGE\Win32 HGE\Debug\link.4796-cvtres.read.1.tlog
D:\backup code\Desktop\Win32 HGE\Win32 HGE\Debug\link.4796-cvtres.write.1.tlog
D:\backup code\Desktop\Win32 HGE\Win32 HGE\Debug\link.4796-rc.read.1.tlog
D:\backup code\Desktop\Win32 HGE\Win32 HGE\Debug\link.4796-rc.write.1.tlog
D:\backup code\Desktop\Win32 HGE\Win32 HGE\Debug\link.4796.read.1.tlog
D:\backup code\Desktop\Win32 HGE\Win32 HGE\Debug\link.4796.write.1.tlog
D:\backup code\Desktop\Win32 HGE\Win32 HGE\Debug\link.4856-cvtres.read.1.tlog
D:\backup code\Desktop\Win32 HGE\Win32 HGE\Debug\link.4856-cvtres.write.1.tlog
D:\backup code\Desktop\Win32 HGE\Win32 HGE\Debug\link.4856-rc.read.1.tlog
D:\backup code\Desktop\Win32 HGE\Win32 HGE\Debug\link.4856-rc.write.1.tlog
D:\backup code\Desktop\Win32 HGE\Win32 HGE\Debug\link.4856.read.1.tlog
D:\backup code\Desktop\Win32 HGE\Win32 HGE\Debug\link.4856.write.1.tlog
D:\backup code\Desktop\Win32 HGE\Win32 HGE\Debug\link.4864-cvtres.read.1.tlog
D:\backup code\Desktop\Win32 HGE\Win32 HGE\Debug\link.4864-cvtres.write.1.tlog
D:\backup code\Desktop\Win32 HGE\Win32 HGE\Debug\link.4864-rc.read.1.tlog
D:\backup code\Desktop\Win32 HGE\Win32 HGE\Debug\link.4864-rc.write.1.tlog
D:\backup code\Desktop\Win32 HGE\Win32 HGE\Debug\link.4864.read.1.tlog
D:\backup code\Desktop\Win32 HGE\Win32 HGE\Debug\link.4864.write.1.tlog
D:\backup code\Desktop\Win32 HGE\Win32 HGE\Debug\link.4944-cvtres.read.1.tlog
D:\backup code\Desktop\Win32 HGE\Win32 HGE\Debug\link.4944-cvtres.write.1.tlog
D:\backup code\Desktop\Win32 HGE\Win32 HGE\Debug\link.4944-rc.read.1.tlog
D:\backup code\Desktop\Win32 HGE\Win32 HGE\Debug\link.4944-rc.write.1.tlog
D:\backup code\Desktop\Win32 HGE\Win32 HGE\Debug\link.4944.read.1.tlog
D:\backup code\Desktop\Win32 HGE\Win32 HGE\Debug\link.4944.write.1.tlog
D:\backup code\Desktop\Win32 HGE\Win32 HGE\Debug\link.5128-cvtres.read.1.tlog
D:\backup code\Desktop\Win32 HGE\Win32 HGE\Debug\link.5128-cvtres.write.1.tlog
D:\backup code\Desktop\Win32 HGE\Win32 HGE\Debug\link.5128-rc.read.1.tlog
D:\backup code\Desktop\Win32 HGE\Win32 HGE\Debug\link.5128-rc.write.1.tlog
D:\backup code\Desktop\Win32 HGE\Win32 HGE\Debug\link.5128.read.1.tlog
D:\backup code\Desktop\Win32 HGE\Win32 HGE\Debug\link.5128.write.1.tlog
D:\backup code\Desktop\Win32 HGE\Win32 HGE\Debug\link.5328-cvtres.read.1.tlog
D:\backup code\Desktop\Win32 HGE\Win32 HGE\Debug\link.5328-cvtres.write.1.tlog
D:\backup code\Desktop\Win32 HGE\Win32 HGE\Debug\link.5328-rc.read.1.tlog
D:\backup code\Desktop\Win32 HGE\Win32 HGE\Debug\link.5328-rc.write.1.tlog
D:\backup code\Desktop\Win32 HGE\Win32 HGE\Debug\link.5328.read.1.tlog
D:\backup code\Desktop\Win32 HGE\Win32 HGE\Debug\link.5328.write.1.tlog
D:\backup code\Desktop\Win32 HGE\Win32 HGE\Debug\link.5916-cvtres.read.1.tlog
D:\backup code\Desktop\Win32 HGE\Win32 HGE\Debug\link.5916-cvtres.write.1.tlog
D:\backup code\Desktop\Win32 HGE\Win32 HGE\Debug\link.5916-rc.read.1.tlog
D:\backup code\Desktop\Win32 HGE\Win32 HGE\Debug\link.5916-rc.write.1.tlog
D:\backup code\Desktop\Win32 HGE\Win32 HGE\Debug\link.5916.read.1.tlog
D:\backup code\Desktop\Win32 HGE\Win32 HGE\Debug\link.5916.write.1.tlog
D:\backup code\Desktop\Win32 HGE\Win32 HGE\Debug\link.6032-cvtres.read.1.tlog
D:\backup code\Desktop\Win32 HGE\Win32 HGE\Debug\link.6032-cvtres.write.1.tlog
D:\backup code\Desktop\Win32 HGE\Win32 HGE\Debug\link.6032-rc.read.1.tlog
D:\backup code\Desktop\Win32 HGE\Win32 HGE\Debug\link.6032-rc.write.1.tlog
D:\backup code\Desktop\Win32 HGE\Win32 HGE\Debug\link.6032.read.1.tlog
D:\backup code\Desktop\Win32 HGE\Win32 HGE\Debug\link.6032.write.1.tlog
D:\backup code\Desktop\Win32 HGE\Win32 HGE\Debug\link.6052-cvtres.read.1.tlog
D:\backup code\Desktop\Win32 HGE\Win32 HGE\Debug\link.6052-cvtres.write.1.tlog
D:\backup code\Desktop\Win32 HGE\Win32 HGE\Debug\link.6052-rc.read.1.tlog
D:\backup code\Desktop\Win32 HGE\Win32 HGE\Debug\link.6052-rc.write.1.tlog
D:\backup code\Desktop\Win32 HGE\Win32 HGE\Debug\link.6052.read.1.tlog
D:\backup code\Desktop\Win32 HGE\Win32 HGE\Debug\link.6052.write.1.tlog
D:\backup code\Desktop\Win32 HGE\Win32 HGE\Debug\link.6104-cvtres.read.1.tlog
D:\backup code\Desktop\Win32 HGE\Win32 HGE\Debug\link.6104-cvtres.write.1.tlog
D:\backup code\Desktop\Win32 HGE\Win32 HGE\Debug\link.6104-rc.read.1.tlog
D:\backup code\Desktop\Win32 HGE\Win32 HGE\Debug\link.6104-rc.write.1.tlog
D:\backup code\Desktop\Win32 HGE\Win32 HGE\Debug\link.6104.read.1.tlog
D:\backup code\Desktop\Win32 HGE\Win32 HGE\Debug\link.6104.write.1.tlog
D:\backup code\Desktop\Win32 HGE\Win32 HGE\Debug\link.6340-cvtres.read.1.tlog
D:\backup code\Desktop\Win32 HGE\Win32 HGE\Debug\link.6340-cvtres.write.1.tlog
D:\backup code\Desktop\Win32 HGE\Win32 HGE\Debug\link.6340-rc.read.1.tlog
D:\backup code\Desktop\Win32 HGE\Win32 HGE\Debug\link.6340-rc.write.1.tlog
D:\backup code\Desktop\Win32 HGE\Win32 HGE\Debug\link.6340.read.1.tlog
D:\backup code\Desktop\Win32 HGE\Win32 HGE\Debug\link.6340.write.1.tlog
D:\backup code\Desktop\Win32 HGE\Win32 HGE\Debug\link.636-cvtres.read.1.tlog
D:\backup code\Desktop\Win32 HGE\Win32 HGE\Debug\link.636-cvtres.write.1.tlog
D:\backup code\Desktop\Win32 HGE\Win32 HGE\Debug\link.636-rc.read.1.tlog
D:\backup code\Desktop\Win32 HGE\Win32 HGE\Debug\link.636-rc.write.1.tlog
D:\backup code\Desktop\Win32 HGE\Win32 HGE\Debug\link.636.read.1.tlog
D:\backup code\Desktop\Win32 HGE\Win32 HGE\Debug\link.636.write.1.tlog
D:\backup code\Desktop\Win32 HGE\Win32 HGE\Debug\link.6392-cvtres.read.1.tlog
D:\backup code\Desktop\Win32 HGE\Win32 HGE\Debug\link.6392-cvtres.write.1.tlog
D:\backup code\Desktop\Win32 HGE\Win32 HGE\Debug\link.6392-rc.read.1.tlog
D:\backup code\Desktop\Win32 HGE\Win32 HGE\Debug\link.6392-rc.write.1.tlog
D:\backup code\Desktop\Win32 HGE\Win32 HGE\Debug\link.6392.read.1.tlog
D:\backup code\Desktop\Win32 HGE\Win32 HGE\Debug\link.6392.write.1.tlog
D:\backup code\Desktop\Win32 HGE\Win32 HGE\Debug\link.6584-cvtres.read.1.tlog
D:\backup code\Desktop\Win32 HGE\Win32 HGE\Debug\link.6584-cvtres.write.1.tlog
D:\backup code\Desktop\Win32 HGE\Win32 HGE\Debug\link.6584-rc.read.1.tlog
D:\backup code\Desktop\Win32 HGE\Win32 HGE\Debug\link.6584-rc.write.1.tlog
D:\backup code\Desktop\Win32 HGE\Win32 HGE\Debug\link.6584.read.1.tlog
D:\backup code\Desktop\Win32 HGE\Win32 HGE\Debug\link.6584.write.1.tlog
D:\backup code\Desktop\Win32 HGE\Win32 HGE\Debug\link.7236-cvtres.read.1.tlog
D:\backup code\Desktop\Win32 HGE\Win32 HGE\Debug\link.7236-cvtres.write.1.tlog
D:\backup code\Desktop\Win32 HGE\Win32 HGE\Debug\link.7236-rc.read.1.tlog
D:\backup code\Desktop\Win32 HGE\Win32 HGE\Debug\link.7236-rc.write.1.tlog
D:\backup code\Desktop\Win32 HGE\Win32 HGE\Debug\link.7236.read.1.tlog
D:\backup code\Desktop\Win32 HGE\Win32 HGE\Debug\link.7236.write.1.tlog
D:\backup code\Desktop\Win32 HGE\Win32 HGE\Debug\link.7732-cvtres.read.1.tlog
D:\backup code\Desktop\Win32 HGE\Win32 HGE\Debug\link.7732-cvtres.write.1.tlog
D:\backup code\Desktop\Win32 HGE\Win32 HGE\Debug\link.7732-rc.read.1.tlog
D:\backup code\Desktop\Win32 HGE\Win32 HGE\Debug\link.7732-rc.write.1.tlog
D:\backup code\Desktop\Win32 HGE\Win32 HGE\Debug\link.7732.read.1.tlog
D:\backup code\Desktop\Win32 HGE\Win32 HGE\Debug\link.7732.write.1.tlog
D:\backup code\Desktop\Win32 HGE\Win32 HGE\Debug\link.8432-cvtres.read.1.tlog
D:\backup code\Desktop\Win32 HGE\Win32 HGE\Debug\link.8432-cvtres.write.1.tlog
D:\backup code\Desktop\Win32 HGE\Win32 HGE\Debug\link.8432-rc.read.1.tlog
D:\backup code\Desktop\Win32 HGE\Win32 HGE\Debug\link.8432-rc.write.1.tlog
D:\backup code\Desktop\Win32 HGE\Win32 HGE\Debug\link.8432.read.1.tlog
D:\backup code\Desktop\Win32 HGE\Win32 HGE\Debug\link.8432.write.1.tlog
D:\backup code\Desktop\Win32 HGE\Win32 HGE\Debug\link.9268-cvtres.read.1.tlog
D:\backup code\Desktop\Win32 HGE\Win32 HGE\Debug\link.9268-cvtres.write.1.tlog
D:\backup code\Desktop\Win32 HGE\Win32 HGE\Debug\link.9268-rc.read.1.tlog
D:\backup code\Desktop\Win32 HGE\Win32 HGE\Debug\link.9268-rc.write.1.tlog
D:\backup code\Desktop\Win32 HGE\Win32 HGE\Debug\link.9268.read.1.tlog
D:\backup code\Desktop\Win32 HGE\Win32 HGE\Debug\link.9268.write.1.tlog
D:\backup code\Desktop\Win32 HGE\Win32 HGE\Debug\link.9536-cvtres.read.1.tlog
D:\backup code\Desktop\Win32 HGE\Win32 HGE\Debug\link.9536-cvtres.write.1.tlog
D:\backup code\Desktop\Win32 HGE\Win32 HGE\Debug\link.9536-rc.read.1.tlog
D:\backup code\Desktop\Win32 HGE\Win32 HGE\Debug\link.9536-rc.write.1.tlog
D:\backup code\Desktop\Win32 HGE\Win32 HGE\Debug\link.9536.read.1.tlog
D:\backup code\Desktop\Win32 HGE\Win32 HGE\Debug\link.9536.write.1.tlog
D:\backup code\Desktop\Win32 HGE\Win32 HGE\Debug\link.9712-cvtres.read.1.tlog
D:\backup code\Desktop\Win32 HGE\Win32 HGE\Debug\link.9712-cvtres.write.1.tlog
D:\backup code\Desktop\Win32 HGE\Win32 HGE\Debug\link.9712-rc.read.1.tlog
D:\backup code\Desktop\Win32 HGE\Win32 HGE\Debug\link.9712-rc.write.1.tlog
D:\backup code\Desktop\Win32 HGE\Win32 HGE\Debug\link.9712.read.1.tlog
D:\backup code\Desktop\Win32 HGE\Win32 HGE\Debug\link.9712.write.1.tlog
D:\backup code\Desktop\Win32 HGE\Win32 HGE\Debug\link.9820-cvtres.read.1.tlog
D:\backup code\Desktop\Win32 HGE\Win32 HGE\Debug\link.9820-cvtres.write.1.tlog
D:\backup code\Desktop\Win32 HGE\Win32 HGE\Debug\link.9820-rc.read.1.tlog
D:\backup code\Desktop\Win32 HGE\Win32 HGE\Debug\link.9820-rc.write.1.tlog
D:\backup code\Desktop\Win32 HGE\Win32 HGE\Debug\link.9820.read.1.tlog
D:\backup code\Desktop\Win32 HGE\Win32 HGE\Debug\link.9820.write.1.tlog
D:\backup code\Desktop\Win32 HGE\Win32 HGE\Debug\link.9844-cvtres.read.1.tlog
D:\backup code\Desktop\Win32 HGE\Win32 HGE\Debug\link.9844-cvtres.write.1.tlog
D:\backup code\Desktop\Win32 HGE\Win32 HGE\Debug\link.9844-rc.read.1.tlog
D:\backup code\Desktop\Win32 HGE\Win32 HGE\Debug\link.9844-rc.write.1.tlog
D:\backup code\Desktop\Win32 HGE\Win32 HGE\Debug\link.9844.read.1.tlog
D:\backup code\Desktop\Win32 HGE\Win32 HGE\Debug\link.9844.write.1.tlog
D:\backup code\Desktop\Win32 HGE\Win32 HGE\Debug\link.9936-cvtres.read.1.tlog
D:\backup code\Desktop\Win32 HGE\Win32 HGE\Debug\link.9936-cvtres.write.1.tlog
D:\backup code\Desktop\Win32 HGE\Win32 HGE\Debug\link.9936-rc.read.1.tlog
D:\backup code\Desktop\Win32 HGE\Win32 HGE\Debug\link.9936-rc.write.1.tlog
D:\backup code\Desktop\Win32 HGE\Win32 HGE\Debug\link.9936.read.1.tlog
D:\backup code\Desktop\Win32 HGE\Win32 HGE\Debug\link.9936.write.1.tlog
D:\backup code\Desktop\Win32 HGE\Win32 HGE\Debug\link.command.1.tlog
D:\backup code\Desktop\Win32 HGE\Win32 HGE\Debug\link.read.1.tlog
D:\backup code\Desktop\Win32 HGE\Win32 HGE\Debug\link.write.1.tlog
D:\backup code\Desktop\Win32 HGE\Win32 HGE\Debug\Win32 HGE.pch
D:\backup code\Desktop\Win32 HGE\Win32 HGE\Debug\vc110.dbs.1.idb
D:\backup code\Desktop\Win32 HGE\Win32 HGE\Debug\vc110.dbs.2.idb
D:\backup code\Desktop\Win32 HGE\Win32 HGE\Debug\vc110.dbs.4.idb
D:\backup code\Desktop\Win32 HGE\Win32 HGE\Debug\vc110.idb
D:\backup code\Desktop\Win32 HGE\Win32 HGE\Debug\vc110.dbs.1.pdb
D:\backup code\Desktop\Win32 HGE\Win32 HGE\Debug\vc110.dbs.2.pdb
D:\backup code\Desktop\Win32 HGE\Win32 HGE\Debug\vc110.dbs.4.pdb
D:\backup code\Desktop\Win32 HGE\Win32 HGE\Debug\vc110.pdb
D:\backup code\Desktop\Win32 HGE\Win32 HGE\Debug\Win32 HGE.pdb
D:\backup code\Desktop\Win32 HGE\Win32 HGE\Debug\Win32 HGE.exe
